{"body":{},"level":"info","method":"GET","params":{"0":"/home"},"service":"user-service","timestamp":"9/6/2023, 3:18:24 PM","url":"/home"}
{"body":{},"level":"info","method":"GET","params":{"0":"/..."},"service":"user-service","timestamp":"9/6/2023, 3:18:24 PM","url":"/..."}
{"body":{},"level":"info","method":"GET","params":{"0":"/home"},"service":"user-service","timestamp":"9/6/2023, 6:06:39 PM","url":"/home"}
{"body":{},"level":"info","method":"GET","params":{"0":"/..."},"service":"user-service","timestamp":"9/6/2023, 6:06:39 PM","url":"/..."}
{"body":{},"level":"info","method":"GET","params":{"0":"/home"},"service":"user-service","timestamp":"9/6/2023, 6:06:40 PM","url":"/home"}
{"body":{},"level":"info","method":"GET","params":{"0":"/..."},"service":"user-service","timestamp":"9/6/2023, 6:06:40 PM","url":"/..."}
{"body":{},"level":"info","method":"GET","params":{"0":"/home"},"service":"user-service","timestamp":"9/6/2023, 6:11:37 PM","url":"/home"}
{"body":{},"level":"info","method":"GET","params":{"0":"/..."},"service":"user-service","timestamp":"9/6/2023, 6:11:37 PM","url":"/..."}
{"body":{},"level":"info","method":"GET","params":{"0":"/home"},"service":"user-service","timestamp":"9/6/2023, 6:11:37 PM","url":"/home"}
{"body":{},"level":"info","method":"GET","params":{"0":"/..."},"service":"user-service","timestamp":"9/6/2023, 6:11:37 PM","url":"/..."}
{"body":{},"level":"info","method":"GET","params":{"0":"/home"},"service":"user-service","timestamp":"9/6/2023, 6:11:38 PM","url":"/home"}
{"body":{},"level":"info","method":"GET","params":{"0":"/..."},"service":"user-service","timestamp":"9/6/2023, 6:11:38 PM","url":"/..."}
{"body":{},"level":"info","method":"GET","params":{"0":"/home"},"service":"user-service","timestamp":"9/6/2023, 6:13:14 PM","url":"/home"}
{"body":{},"level":"info","method":"GET","params":{"0":"/..."},"service":"user-service","timestamp":"9/6/2023, 6:13:14 PM","url":"/..."}
{"body":{},"level":"info","method":"GET","params":{"0":"/home"},"service":"user-service","timestamp":"9/6/2023, 6:13:14 PM","url":"/home"}
{"body":{},"level":"info","method":"GET","params":{"0":"/..."},"service":"user-service","timestamp":"9/6/2023, 6:13:14 PM","url":"/..."}
{"body":{},"level":"info","method":"GET","params":{"0":"/home"},"service":"user-service","timestamp":"9/6/2023, 6:13:14 PM","url":"/home"}
{"body":{},"level":"info","method":"GET","params":{"0":"/..."},"service":"user-service","timestamp":"9/6/2023, 6:13:14 PM","url":"/..."}
{"body":{},"level":"info","method":"GET","params":{"0":"/home"},"service":"user-service","timestamp":"9/6/2023, 6:13:14 PM","url":"/home"}
{"body":{},"level":"info","method":"GET","params":{"0":"/..."},"service":"user-service","timestamp":"9/6/2023, 6:13:14 PM","url":"/..."}
{"body":{},"level":"info","method":"GET","params":{"0":"/home"},"service":"user-service","timestamp":"9/6/2023, 6:13:14 PM","url":"/home"}
{"body":{},"level":"info","method":"GET","params":{"0":"/..."},"service":"user-service","timestamp":"9/6/2023, 6:13:15 PM","url":"/..."}
{"body":{},"level":"info","method":"GET","params":{"0":"/home"},"service":"user-service","timestamp":"9/6/2023, 6:13:15 PM","url":"/home"}
{"body":{},"level":"info","method":"GET","params":{"0":"/..."},"service":"user-service","timestamp":"9/6/2023, 6:13:15 PM","url":"/..."}
{"body":{},"level":"info","method":"GET","params":{"0":"/home"},"service":"user-service","timestamp":"9/6/2023, 6:13:15 PM","url":"/home"}
{"body":{},"level":"info","method":"GET","params":{"0":"/..."},"service":"user-service","timestamp":"9/6/2023, 6:13:15 PM","url":"/..."}
{"body":{},"level":"info","method":"GET","params":{"0":"/home"},"service":"user-service","timestamp":"9/6/2023, 6:13:15 PM","url":"/home"}
{"body":{},"level":"info","method":"GET","params":{"0":"/..."},"service":"user-service","timestamp":"9/6/2023, 6:13:15 PM","url":"/..."}
{"body":{},"level":"info","method":"GET","params":{"0":"/home"},"service":"user-service","timestamp":"9/6/2023, 6:13:15 PM","url":"/home"}
{"body":{},"level":"info","method":"GET","params":{"0":"/..."},"service":"user-service","timestamp":"9/6/2023, 6:13:15 PM","url":"/..."}
{"body":{},"level":"info","method":"GET","params":{"0":"/home"},"service":"user-service","timestamp":"9/6/2023, 6:13:15 PM","url":"/home"}
{"body":{},"level":"info","method":"GET","params":{"0":"/..."},"service":"user-service","timestamp":"9/6/2023, 6:13:15 PM","url":"/..."}
{"body":{},"level":"info","method":"GET","params":{"0":"/home"},"service":"user-service","timestamp":"9/6/2023, 6:13:15 PM","url":"/home"}
{"body":{},"level":"info","method":"GET","params":{"0":"/..."},"service":"user-service","timestamp":"9/6/2023, 6:13:15 PM","url":"/..."}
{"body":{},"level":"info","method":"GET","params":{"0":"/home"},"service":"user-service","timestamp":"9/6/2023, 6:15:16 PM","url":"/home"}
{"body":{},"level":"info","method":"GET","params":{"0":"/..."},"service":"user-service","timestamp":"9/6/2023, 6:15:16 PM","url":"/..."}
{"body":{},"level":"info","method":"GET","params":{"0":"/home"},"service":"user-service","timestamp":"9/6/2023, 6:15:17 PM","url":"/home"}
{"body":{},"level":"info","method":"GET","params":{"0":"/..."},"service":"user-service","timestamp":"9/6/2023, 6:15:17 PM","url":"/..."}
{"body":{},"level":"info","method":"GET","params":{"0":"/home"},"service":"user-service","timestamp":"9/6/2023, 6:15:19 PM","url":"/home"}
{"body":{},"level":"info","method":"GET","params":{"0":"/..."},"service":"user-service","timestamp":"9/6/2023, 6:15:19 PM","url":"/..."}
{"body":{},"level":"info","method":"GET","params":{"0":"/home"},"service":"user-service","timestamp":"9/6/2023, 6:15:21 PM","url":"/home"}
{"body":{},"level":"info","method":"GET","params":{"0":"/..."},"service":"user-service","timestamp":"9/6/2023, 6:15:21 PM","url":"/..."}
{"body":{},"level":"info","method":"GET","params":{"0":"/home"},"service":"user-service","timestamp":"9/6/2023, 6:15:44 PM","url":"/home"}
{"body":{},"level":"info","method":"GET","params":{"0":"/..."},"service":"user-service","timestamp":"9/6/2023, 6:15:44 PM","url":"/..."}
{"body":{},"level":"info","method":"GET","params":{"0":"/home"},"service":"user-service","timestamp":"9/6/2023, 6:15:45 PM","url":"/home"}
{"body":{},"level":"info","method":"GET","params":{"0":"/..."},"service":"user-service","timestamp":"9/6/2023, 6:15:45 PM","url":"/..."}
{"body":{},"level":"info","method":"GET","params":{"0":"/home"},"service":"user-service","timestamp":"9/6/2023, 6:15:45 PM","url":"/home"}
{"body":{},"level":"info","method":"GET","params":{"0":"/..."},"service":"user-service","timestamp":"9/6/2023, 6:15:45 PM","url":"/..."}
{"body":{},"level":"info","method":"GET","params":{"0":"/home"},"service":"user-service","timestamp":"9/6/2023, 6:18:26 PM","url":"/home"}
{"body":{},"level":"info","method":"GET","params":{"0":"/home"},"service":"user-service","timestamp":"9/6/2023, 6:18:26 PM","url":"/home"}
{"body":{},"level":"info","method":"GET","params":{"0":"/..."},"service":"user-service","timestamp":"9/6/2023, 6:18:26 PM","url":"/..."}
{"body":{},"level":"info","method":"GET","params":{"0":"/..."},"service":"user-service","timestamp":"9/6/2023, 6:18:26 PM","url":"/..."}
{"body":{},"level":"info","method":"GET","params":{"0":"/home"},"service":"user-service","timestamp":"9/6/2023, 6:20:59 PM","url":"/home"}
{"body":{},"level":"info","method":"GET","params":{"0":"/..."},"service":"user-service","timestamp":"9/6/2023, 6:20:59 PM","url":"/..."}
{"body":{},"level":"info","method":"GET","params":{"0":"/home"},"service":"user-service","timestamp":"9/6/2023, 6:20:59 PM","url":"/home"}
{"body":{},"level":"info","method":"GET","params":{"0":"/..."},"service":"user-service","timestamp":"9/6/2023, 6:20:59 PM","url":"/..."}
{"body":{},"level":"info","method":"GET","params":{"0":"/home"},"service":"user-service","timestamp":"9/6/2023, 6:21:00 PM","url":"/home"}
{"body":{},"level":"info","method":"GET","params":{"0":"/..."},"service":"user-service","timestamp":"9/6/2023, 6:21:00 PM","url":"/..."}
{"body":{},"level":"info","method":"GET","params":{"0":"/home"},"service":"user-service","timestamp":"9/6/2023, 6:21:00 PM","url":"/home"}
{"body":{},"level":"info","method":"GET","params":{"0":"/..."},"service":"user-service","timestamp":"9/6/2023, 6:21:00 PM","url":"/..."}
{"body":{},"level":"info","method":"GET","params":{"0":"/home"},"service":"user-service","timestamp":"9/6/2023, 6:21:00 PM","url":"/home"}
{"body":{},"level":"info","method":"GET","params":{"0":"/..."},"service":"user-service","timestamp":"9/6/2023, 6:21:00 PM","url":"/..."}
{"body":{},"level":"info","method":"GET","params":{"0":"/home"},"service":"user-service","timestamp":"9/6/2023, 6:21:00 PM","url":"/home"}
{"body":{},"level":"info","method":"GET","params":{"0":"/..."},"service":"user-service","timestamp":"9/6/2023, 6:21:00 PM","url":"/..."}
{"body":{},"level":"info","method":"GET","params":{"0":"/home"},"service":"user-service","timestamp":"9/6/2023, 6:21:01 PM","url":"/home"}
{"body":{},"level":"info","method":"GET","params":{"0":"/..."},"service":"user-service","timestamp":"9/6/2023, 6:21:01 PM","url":"/..."}
{"body":{},"level":"info","method":"GET","params":{"0":"/home"},"service":"user-service","timestamp":"9/6/2023, 6:21:01 PM","url":"/home"}
{"body":{},"level":"info","method":"GET","params":{"0":"/..."},"service":"user-service","timestamp":"9/6/2023, 6:21:01 PM","url":"/..."}
{"body":{},"level":"info","method":"GET","params":{"0":"/home"},"service":"user-service","timestamp":"9/6/2023, 6:21:01 PM","url":"/home"}
{"body":{},"level":"info","method":"GET","params":{"0":"/..."},"service":"user-service","timestamp":"9/6/2023, 6:21:01 PM","url":"/..."}
{"body":{},"level":"info","method":"GET","params":{"0":"/home"},"service":"user-service","timestamp":"9/6/2023, 6:21:01 PM","url":"/home"}
{"body":{},"level":"info","method":"GET","params":{"0":"/..."},"service":"user-service","timestamp":"9/6/2023, 6:21:01 PM","url":"/..."}
{"body":{},"level":"info","method":"GET","params":{"0":"/home"},"service":"user-service","timestamp":"9/6/2023, 6:21:01 PM","url":"/home"}
{"body":{},"level":"info","method":"GET","params":{"0":"/..."},"service":"user-service","timestamp":"9/6/2023, 6:21:01 PM","url":"/..."}
{"body":{},"level":"info","method":"GET","params":{"0":"/home"},"service":"user-service","timestamp":"9/6/2023, 6:21:02 PM","url":"/home"}
{"body":{},"level":"info","method":"GET","params":{"0":"/..."},"service":"user-service","timestamp":"9/6/2023, 6:21:02 PM","url":"/..."}
{"body":{},"level":"info","method":"GET","params":{"0":"/home"},"service":"user-service","timestamp":"9/6/2023, 6:21:02 PM","url":"/home"}
{"body":{},"level":"info","method":"GET","params":{"0":"/..."},"service":"user-service","timestamp":"9/6/2023, 6:21:02 PM","url":"/..."}
{"body":{},"level":"info","method":"GET","params":{"0":"/home"},"service":"user-service","timestamp":"9/6/2023, 6:21:16 PM","url":"/home"}
{"body":{},"level":"info","method":"GET","params":{"0":"/..."},"service":"user-service","timestamp":"9/6/2023, 6:21:16 PM","url":"/..."}
{"body":{},"level":"info","method":"GET","params":{"0":"/home"},"service":"user-service","timestamp":"9/6/2023, 6:21:17 PM","url":"/home"}
{"body":{},"level":"info","method":"GET","params":{"0":"/..."},"service":"user-service","timestamp":"9/6/2023, 6:21:17 PM","url":"/..."}
{"body":{},"level":"info","method":"GET","params":{"0":"/home"},"service":"user-service","timestamp":"9/6/2023, 6:21:18 PM","url":"/home"}
{"body":{},"level":"info","method":"GET","params":{"0":"/..."},"service":"user-service","timestamp":"9/6/2023, 6:21:18 PM","url":"/..."}
{"body":{},"level":"info","method":"GET","params":{"0":"/home"},"service":"user-service","timestamp":"9/6/2023, 6:21:18 PM","url":"/home"}
{"body":{},"level":"info","method":"GET","params":{"0":"/..."},"service":"user-service","timestamp":"9/6/2023, 6:21:18 PM","url":"/..."}
{"body":{},"level":"info","method":"GET","params":{"0":"/home"},"service":"user-service","timestamp":"9/6/2023, 6:21:19 PM","url":"/home"}
{"body":{},"level":"info","method":"GET","params":{"0":"/..."},"service":"user-service","timestamp":"9/6/2023, 6:21:19 PM","url":"/..."}
{"body":{},"level":"info","method":"GET","params":{"0":"/home"},"service":"user-service","timestamp":"9/6/2023, 6:21:19 PM","url":"/home"}
{"body":{},"level":"info","method":"GET","params":{"0":"/..."},"service":"user-service","timestamp":"9/6/2023, 6:21:19 PM","url":"/..."}
{"body":{},"level":"info","method":"GET","params":{"0":"/home"},"service":"user-service","timestamp":"9/6/2023, 6:21:19 PM","url":"/home"}
{"body":{},"level":"info","method":"GET","params":{"0":"/..."},"service":"user-service","timestamp":"9/6/2023, 6:21:19 PM","url":"/..."}
{"body":{},"level":"info","method":"GET","params":{"0":"/home"},"service":"user-service","timestamp":"9/6/2023, 6:22:04 PM","url":"/home"}
{"body":{},"level":"info","method":"GET","params":{"0":"/..."},"service":"user-service","timestamp":"9/6/2023, 6:22:04 PM","url":"/..."}
{"body":{},"level":"info","method":"GET","params":{"0":"/home"},"service":"user-service","timestamp":"9/6/2023, 6:22:04 PM","url":"/home"}
{"body":{},"level":"info","method":"GET","params":{"0":"/..."},"service":"user-service","timestamp":"9/6/2023, 6:22:04 PM","url":"/..."}
{"body":{},"level":"info","method":"GET","params":{"0":"/home"},"service":"user-service","timestamp":"9/6/2023, 6:25:40 PM","url":"/home"}
{"body":{},"level":"info","method":"GET","params":{"0":"/..."},"service":"user-service","timestamp":"9/6/2023, 6:25:40 PM","url":"/..."}
{"body":{},"level":"info","method":"GET","params":{"0":"/public/homestyle.css"},"service":"user-service","timestamp":"9/6/2023, 6:25:40 PM","url":"/public/homestyle.css"}
{"body":{},"level":"info","method":"GET","params":{"0":"/home"},"service":"user-service","timestamp":"9/6/2023, 6:25:40 PM","url":"/home"}
{"body":{},"level":"info","method":"GET","params":{"0":"/..."},"service":"user-service","timestamp":"9/6/2023, 6:25:40 PM","url":"/..."}
{"body":{},"level":"info","method":"GET","params":{"0":"/public/homestyle.css"},"service":"user-service","timestamp":"9/6/2023, 6:25:40 PM","url":"/public/homestyle.css"}
{"body":{},"level":"info","method":"GET","params":{"0":"/home"},"service":"user-service","timestamp":"9/6/2023, 6:25:41 PM","url":"/home"}
{"body":{},"level":"info","method":"GET","params":{"0":"/..."},"service":"user-service","timestamp":"9/6/2023, 6:25:41 PM","url":"/..."}
{"body":{},"level":"info","method":"GET","params":{"0":"/public/homestyle.css"},"service":"user-service","timestamp":"9/6/2023, 6:25:41 PM","url":"/public/homestyle.css"}
{"body":{},"level":"info","method":"GET","params":{"0":"/home"},"service":"user-service","timestamp":"9/6/2023, 6:25:41 PM","url":"/home"}
{"body":{},"level":"info","method":"GET","params":{"0":"/..."},"service":"user-service","timestamp":"9/6/2023, 6:25:41 PM","url":"/..."}
{"body":{},"level":"info","method":"GET","params":{"0":"/public/homestyle.css"},"service":"user-service","timestamp":"9/6/2023, 6:25:41 PM","url":"/public/homestyle.css"}
{"body":{},"level":"info","method":"GET","params":{"0":"/home"},"service":"user-service","timestamp":"9/6/2023, 6:25:41 PM","url":"/home"}
{"body":{},"level":"info","method":"GET","params":{"0":"/..."},"service":"user-service","timestamp":"9/6/2023, 6:25:41 PM","url":"/..."}
{"body":{},"level":"info","method":"GET","params":{"0":"/public/homestyle.css"},"service":"user-service","timestamp":"9/6/2023, 6:25:41 PM","url":"/public/homestyle.css"}
{"body":{},"level":"info","method":"GET","params":{"0":"/home"},"service":"user-service","timestamp":"9/6/2023, 6:25:41 PM","url":"/home"}
{"body":{},"level":"info","method":"GET","params":{"0":"/..."},"service":"user-service","timestamp":"9/6/2023, 6:25:41 PM","url":"/..."}
{"body":{},"level":"info","method":"GET","params":{"0":"/public/homestyle.css"},"service":"user-service","timestamp":"9/6/2023, 6:25:41 PM","url":"/public/homestyle.css"}
{"body":{},"level":"info","method":"GET","params":{"0":"/home"},"service":"user-service","timestamp":"9/6/2023, 6:25:42 PM","url":"/home"}
{"body":{},"level":"info","method":"GET","params":{"0":"/..."},"service":"user-service","timestamp":"9/6/2023, 6:25:42 PM","url":"/..."}
{"body":{},"level":"info","method":"GET","params":{"0":"/public/homestyle.css"},"service":"user-service","timestamp":"9/6/2023, 6:25:42 PM","url":"/public/homestyle.css"}
{"body":{},"level":"info","method":"GET","params":{"0":"/home"},"service":"user-service","timestamp":"9/6/2023, 6:25:42 PM","url":"/home"}
{"body":{},"level":"info","method":"GET","params":{"0":"/public/homestyle.css"},"service":"user-service","timestamp":"9/6/2023, 6:25:42 PM","url":"/public/homestyle.css"}
{"body":{},"level":"info","method":"GET","params":{"0":"/..."},"service":"user-service","timestamp":"9/6/2023, 6:25:42 PM","url":"/..."}
{"body":{},"level":"info","method":"GET","params":{"0":"/home"},"service":"user-service","timestamp":"9/6/2023, 6:25:42 PM","url":"/home"}
{"body":{},"level":"info","method":"GET","params":{"0":"/public/homestyle.css"},"service":"user-service","timestamp":"9/6/2023, 6:25:42 PM","url":"/public/homestyle.css"}
{"body":{},"level":"info","method":"GET","params":{"0":"/..."},"service":"user-service","timestamp":"9/6/2023, 6:25:42 PM","url":"/..."}
{"body":{},"level":"info","method":"GET","params":{"0":"/home"},"service":"user-service","timestamp":"9/6/2023, 6:25:43 PM","url":"/home"}
{"body":{},"level":"info","method":"GET","params":{"0":"/public/homestyle.css"},"service":"user-service","timestamp":"9/6/2023, 6:25:43 PM","url":"/public/homestyle.css"}
{"body":{},"level":"info","method":"GET","params":{"0":"/..."},"service":"user-service","timestamp":"9/6/2023, 6:25:43 PM","url":"/..."}
{"body":{},"level":"info","method":"GET","params":{"0":"/home"},"service":"user-service","timestamp":"9/6/2023, 6:26:02 PM","url":"/home"}
{"body":{},"level":"info","method":"GET","params":{"0":"/..."},"service":"user-service","timestamp":"9/6/2023, 6:26:02 PM","url":"/..."}
{"body":{},"level":"info","method":"GET","params":{"0":"/public/homestyle.css"},"service":"user-service","timestamp":"9/6/2023, 6:26:02 PM","url":"/public/homestyle.css"}
{"body":{},"level":"info","method":"GET","params":{"0":"/home"},"service":"user-service","timestamp":"9/6/2023, 6:26:02 PM","url":"/home"}
{"body":{},"level":"info","method":"GET","params":{"0":"/public/homestyle.css"},"service":"user-service","timestamp":"9/6/2023, 6:26:02 PM","url":"/public/homestyle.css"}
{"body":{},"level":"info","method":"GET","params":{"0":"/..."},"service":"user-service","timestamp":"9/6/2023, 6:26:02 PM","url":"/..."}
{"body":{},"level":"info","method":"GET","params":{"0":"/home"},"service":"user-service","timestamp":"9/6/2023, 6:26:02 PM","url":"/home"}
{"body":{},"level":"info","method":"GET","params":{"0":"/public/homestyle.css"},"service":"user-service","timestamp":"9/6/2023, 6:26:02 PM","url":"/public/homestyle.css"}
{"body":{},"level":"info","method":"GET","params":{"0":"/..."},"service":"user-service","timestamp":"9/6/2023, 6:26:02 PM","url":"/..."}
{"body":{},"level":"info","method":"GET","params":{"0":"/home"},"service":"user-service","timestamp":"9/6/2023, 6:26:02 PM","url":"/home"}
{"body":{},"level":"info","method":"GET","params":{"0":"/public/homestyle.css"},"service":"user-service","timestamp":"9/6/2023, 6:26:02 PM","url":"/public/homestyle.css"}
{"body":{},"level":"info","method":"GET","params":{"0":"/..."},"service":"user-service","timestamp":"9/6/2023, 6:26:02 PM","url":"/..."}
{"body":{},"level":"info","method":"GET","params":{"0":"/home"},"service":"user-service","timestamp":"9/6/2023, 6:26:29 PM","url":"/home"}
{"body":{},"level":"info","method":"GET","params":{"0":"/public/homestyle.css"},"service":"user-service","timestamp":"9/6/2023, 6:26:29 PM","url":"/public/homestyle.css"}
{"body":{},"level":"info","method":"GET","params":{"0":"/..."},"service":"user-service","timestamp":"9/6/2023, 6:26:29 PM","url":"/..."}
{"body":{},"level":"info","method":"GET","params":{"0":"/home"},"service":"user-service","timestamp":"9/6/2023, 6:26:30 PM","url":"/home"}
{"body":{},"level":"info","method":"GET","params":{"0":"/public/homestyle.css"},"service":"user-service","timestamp":"9/6/2023, 6:26:30 PM","url":"/public/homestyle.css"}
{"body":{},"level":"info","method":"GET","params":{"0":"/..."},"service":"user-service","timestamp":"9/6/2023, 6:26:30 PM","url":"/..."}
{"body":{},"level":"info","method":"GET","params":{"0":"/home"},"service":"user-service","timestamp":"9/6/2023, 6:35:38 PM","url":"/home"}
{"body":{},"level":"info","method":"GET","params":{"0":"/..."},"service":"user-service","timestamp":"9/6/2023, 6:35:38 PM","url":"/..."}
{"body":{},"level":"info","method":"GET","params":{"0":"/home"},"service":"user-service","timestamp":"9/6/2023, 6:35:38 PM","url":"/home"}
{"body":{},"level":"info","method":"GET","params":{"0":"/..."},"service":"user-service","timestamp":"9/6/2023, 6:35:38 PM","url":"/..."}
{"body":{},"level":"info","method":"GET","params":{"0":"/home"},"service":"user-service","timestamp":"9/6/2023, 6:35:39 PM","url":"/home"}
{"body":{},"level":"info","method":"GET","params":{"0":"/..."},"service":"user-service","timestamp":"9/6/2023, 6:35:39 PM","url":"/..."}
{"body":{},"level":"info","method":"GET","params":{"0":"/home"},"service":"user-service","timestamp":"9/6/2023, 6:35:40 PM","url":"/home"}
{"body":{},"level":"info","method":"GET","params":{"0":"/..."},"service":"user-service","timestamp":"9/6/2023, 6:35:40 PM","url":"/..."}
{"body":{},"level":"info","method":"GET","params":{"0":"/home"},"service":"user-service","timestamp":"9/6/2023, 6:37:03 PM","url":"/home"}
{"body":{},"level":"info","method":"GET","params":{"0":"/..."},"service":"user-service","timestamp":"9/6/2023, 6:37:03 PM","url":"/..."}
{"body":{},"level":"info","method":"GET","params":{"0":"/home"},"service":"user-service","timestamp":"9/6/2023, 6:37:03 PM","url":"/home"}
{"body":{},"level":"info","method":"GET","params":{"0":"/..."},"service":"user-service","timestamp":"9/6/2023, 6:37:03 PM","url":"/..."}
{"body":{},"level":"info","method":"GET","params":{"0":"/home"},"service":"user-service","timestamp":"9/6/2023, 6:38:22 PM","url":"/home"}
{"body":{},"level":"info","method":"GET","params":{"0":"/..."},"service":"user-service","timestamp":"9/6/2023, 6:38:22 PM","url":"/..."}
{"body":{},"level":"info","method":"GET","params":{"0":"/home"},"service":"user-service","timestamp":"9/6/2023, 6:38:23 PM","url":"/home"}
{"body":{},"level":"info","method":"GET","params":{"0":"/..."},"service":"user-service","timestamp":"9/6/2023, 6:38:23 PM","url":"/..."}
{"body":{},"level":"info","method":"GET","params":{"0":"/home"},"service":"user-service","timestamp":"9/6/2023, 6:40:32 PM","url":"/home"}
{"body":{},"level":"info","method":"GET","params":{"0":"/..."},"service":"user-service","timestamp":"9/6/2023, 6:40:32 PM","url":"/..."}
{"body":{},"level":"info","method":"GET","params":{"0":"/home"},"service":"user-service","timestamp":"9/6/2023, 6:40:33 PM","url":"/home"}
{"body":{},"level":"info","method":"GET","params":{"0":"/..."},"service":"user-service","timestamp":"9/6/2023, 6:40:33 PM","url":"/..."}
{"body":{},"level":"info","method":"GET","params":{"0":"/home"},"service":"user-service","timestamp":"9/6/2023, 6:40:33 PM","url":"/home"}
{"body":{},"level":"info","method":"GET","params":{"0":"/..."},"service":"user-service","timestamp":"9/6/2023, 6:40:33 PM","url":"/..."}
{"body":{},"level":"info","method":"GET","params":{"0":"/home"},"service":"user-service","timestamp":"9/6/2023, 6:40:34 PM","url":"/home"}
{"body":{},"level":"info","method":"GET","params":{"0":"/..."},"service":"user-service","timestamp":"9/6/2023, 6:40:34 PM","url":"/..."}
{"body":{},"level":"info","method":"GET","params":{"0":"/home"},"service":"user-service","timestamp":"9/6/2023, 7:09:37 PM","url":"/home"}
{"body":{},"level":"info","method":"GET","params":{"0":"/..."},"service":"user-service","timestamp":"9/6/2023, 7:09:37 PM","url":"/..."}
{"body":{},"level":"info","method":"GET","params":{"0":"/home"},"service":"user-service","timestamp":"9/6/2023, 7:09:38 PM","url":"/home"}
{"body":{},"level":"info","method":"GET","params":{"0":"/..."},"service":"user-service","timestamp":"9/6/2023, 7:09:38 PM","url":"/..."}
{"body":{},"level":"info","method":"GET","params":{"0":"/home"},"service":"user-service","timestamp":"9/6/2023, 7:09:38 PM","url":"/home"}
{"body":{},"level":"info","method":"GET","params":{"0":"/..."},"service":"user-service","timestamp":"9/6/2023, 7:09:38 PM","url":"/..."}
{"body":{},"level":"info","method":"GET","params":{"0":"/home"},"service":"user-service","timestamp":"9/6/2023, 7:09:38 PM","url":"/home"}
{"body":{},"level":"info","method":"GET","params":{"0":"/..."},"service":"user-service","timestamp":"9/6/2023, 7:09:38 PM","url":"/..."}
{"body":{},"level":"info","method":"GET","params":{"0":"/home"},"service":"user-service","timestamp":"9/6/2023, 7:09:38 PM","url":"/home"}
{"body":{},"level":"info","method":"GET","params":{"0":"/..."},"service":"user-service","timestamp":"9/6/2023, 7:09:38 PM","url":"/..."}
{"body":{},"level":"info","method":"GET","params":{"0":"/..."},"service":"user-service","timestamp":"9/6/2023, 7:09:38 PM","url":"/..."}
{"body":{},"level":"info","method":"GET","params":{"0":"/home"},"service":"user-service","timestamp":"9/6/2023, 7:09:53 PM","url":"/home"}
{"body":{},"level":"info","method":"GET","params":{"0":"/..."},"service":"user-service","timestamp":"9/6/2023, 7:09:53 PM","url":"/..."}
{"body":{},"level":"info","method":"GET","params":{"0":"/home"},"service":"user-service","timestamp":"9/6/2023, 7:09:53 PM","url":"/home"}
{"body":{},"level":"info","method":"GET","params":{"0":"/..."},"service":"user-service","timestamp":"9/6/2023, 7:09:53 PM","url":"/..."}
{"body":{},"level":"info","method":"GET","params":{"0":"/home"},"service":"user-service","timestamp":"9/6/2023, 7:09:53 PM","url":"/home"}
{"body":{},"level":"info","method":"GET","params":{"0":"/..."},"service":"user-service","timestamp":"9/6/2023, 7:09:53 PM","url":"/..."}
{"body":{},"level":"info","method":"GET","params":{"0":"/"},"service":"user-service","timestamp":"9/6/2023, 7:10:39 PM","url":"/"}
{"body":{},"level":"info","method":"GET","params":{"0":"/home"},"service":"user-service","timestamp":"9/6/2023, 7:10:44 PM","url":"/home"}
{"body":{},"level":"info","method":"GET","params":{"0":"/..."},"service":"user-service","timestamp":"9/6/2023, 7:10:44 PM","url":"/..."}
{"body":{},"level":"info","method":"GET","params":{"0":"/home"},"service":"user-service","timestamp":"9/6/2023, 7:11:22 PM","url":"/home"}
{"body":{},"level":"info","method":"GET","params":{"0":"/..."},"service":"user-service","timestamp":"9/6/2023, 7:11:22 PM","url":"/..."}
{"body":{},"level":"info","method":"GET","params":{"0":"/home"},"service":"user-service","timestamp":"9/6/2023, 7:11:22 PM","url":"/home"}
{"body":{},"level":"info","method":"GET","params":{"0":"/..."},"service":"user-service","timestamp":"9/6/2023, 7:11:22 PM","url":"/..."}
{"body":{},"level":"info","method":"GET","params":{"0":"/home"},"service":"user-service","timestamp":"9/6/2023, 7:12:15 PM","url":"/home"}
{"body":{},"level":"info","method":"GET","params":{"0":"/..."},"service":"user-service","timestamp":"9/6/2023, 7:12:15 PM","url":"/..."}
{"body":{},"level":"info","method":"GET","params":{"0":"/home"},"service":"user-service","timestamp":"9/6/2023, 7:12:16 PM","url":"/home"}
{"body":{},"level":"info","method":"GET","params":{"0":"/..."},"service":"user-service","timestamp":"9/6/2023, 7:12:16 PM","url":"/..."}
{"body":{},"level":"info","method":"GET","params":{"0":"/home"},"service":"user-service","timestamp":"9/6/2023, 7:15:02 PM","url":"/home"}
{"body":{},"level":"info","method":"GET","params":{"0":"/..."},"service":"user-service","timestamp":"9/6/2023, 7:15:02 PM","url":"/..."}
{"body":{},"level":"info","method":"GET","params":{"0":"/home"},"service":"user-service","timestamp":"9/6/2023, 7:15:03 PM","url":"/home"}
{"body":{},"level":"info","method":"GET","params":{"0":"/..."},"service":"user-service","timestamp":"9/6/2023, 7:15:03 PM","url":"/..."}
{"body":{},"level":"info","method":"GET","params":{"0":"/home"},"service":"user-service","timestamp":"9/6/2023, 7:15:03 PM","url":"/home"}
{"body":{},"level":"info","method":"GET","params":{"0":"/..."},"service":"user-service","timestamp":"9/6/2023, 7:15:03 PM","url":"/..."}
{"body":{},"level":"info","method":"GET","params":{"0":"/home"},"service":"user-service","timestamp":"9/6/2023, 7:15:05 PM","url":"/home"}
{"body":{},"level":"info","method":"GET","params":{"0":"/..."},"service":"user-service","timestamp":"9/6/2023, 7:15:05 PM","url":"/..."}
{"body":{},"level":"info","method":"GET","params":{"0":"/home"},"service":"user-service","timestamp":"9/6/2023, 7:15:23 PM","url":"/home"}
{"body":{},"level":"info","method":"GET","params":{"0":"/..."},"service":"user-service","timestamp":"9/6/2023, 7:15:23 PM","url":"/..."}
{"body":{},"level":"info","method":"GET","params":{"0":"/home"},"service":"user-service","timestamp":"9/6/2023, 7:15:23 PM","url":"/home"}
{"body":{},"level":"info","method":"GET","params":{"0":"/..."},"service":"user-service","timestamp":"9/6/2023, 7:15:24 PM","url":"/..."}
{"body":{},"level":"info","method":"GET","params":{"0":"/home"},"service":"user-service","timestamp":"9/6/2023, 7:15:24 PM","url":"/home"}
{"body":{},"level":"info","method":"GET","params":{"0":"/..."},"service":"user-service","timestamp":"9/6/2023, 7:15:24 PM","url":"/..."}
{"body":{},"level":"info","method":"GET","params":{"0":"/home"},"service":"user-service","timestamp":"9/6/2023, 7:15:25 PM","url":"/home"}
{"body":{},"level":"info","method":"GET","params":{"0":"/..."},"service":"user-service","timestamp":"9/6/2023, 7:15:25 PM","url":"/..."}
{"body":{},"level":"info","method":"GET","params":{"0":"/home"},"service":"user-service","timestamp":"9/6/2023, 7:15:25 PM","url":"/home"}
{"body":{},"level":"info","method":"GET","params":{"0":"/..."},"service":"user-service","timestamp":"9/6/2023, 7:15:25 PM","url":"/..."}
{"body":{},"level":"info","method":"GET","params":{"0":"/home"},"service":"user-service","timestamp":"9/6/2023, 7:15:25 PM","url":"/home"}
{"body":{},"level":"info","method":"GET","params":{"0":"/..."},"service":"user-service","timestamp":"9/6/2023, 7:15:25 PM","url":"/..."}
{"body":{},"level":"info","method":"GET","params":{"0":"/home"},"service":"user-service","timestamp":"9/6/2023, 7:16:46 PM","url":"/home"}
{"body":{},"level":"info","method":"GET","params":{"0":"/..."},"service":"user-service","timestamp":"9/6/2023, 7:16:46 PM","url":"/..."}
{"body":{},"level":"info","method":"GET","params":{"0":"/home"},"service":"user-service","timestamp":"9/6/2023, 7:16:46 PM","url":"/home"}
{"body":{},"level":"info","method":"GET","params":{"0":"/..."},"service":"user-service","timestamp":"9/6/2023, 7:16:46 PM","url":"/..."}
{"body":{},"level":"info","method":"GET","params":{"0":"/home"},"service":"user-service","timestamp":"9/6/2023, 7:17:19 PM","url":"/home"}
{"body":{},"level":"info","method":"GET","params":{"0":"/..."},"service":"user-service","timestamp":"9/6/2023, 7:17:19 PM","url":"/..."}
{"body":{},"level":"info","method":"GET","params":{"0":"/home"},"service":"user-service","timestamp":"9/6/2023, 7:17:26 PM","url":"/home"}
{"body":{},"level":"info","method":"GET","params":{"0":"/..."},"service":"user-service","timestamp":"9/6/2023, 7:17:26 PM","url":"/..."}
{"body":{},"level":"info","method":"GET","params":{"0":"/home"},"service":"user-service","timestamp":"9/6/2023, 7:17:45 PM","url":"/home"}
{"body":{},"level":"info","method":"GET","params":{"0":"/..."},"service":"user-service","timestamp":"9/6/2023, 7:17:45 PM","url":"/..."}
{"body":{},"level":"info","method":"GET","params":{"0":"/home"},"service":"user-service","timestamp":"9/6/2023, 7:18:00 PM","url":"/home"}
{"body":{},"level":"info","method":"GET","params":{"0":"/..."},"service":"user-service","timestamp":"9/6/2023, 7:18:00 PM","url":"/..."}
{"body":{},"level":"info","method":"GET","params":{"0":"/home"},"service":"user-service","timestamp":"9/6/2023, 7:18:01 PM","url":"/home"}
{"body":{},"level":"info","method":"GET","params":{"0":"/..."},"service":"user-service","timestamp":"9/6/2023, 7:18:01 PM","url":"/..."}
{"body":{},"level":"info","method":"GET","params":{"0":"/home"},"service":"user-service","timestamp":"9/6/2023, 7:18:23 PM","url":"/home"}
{"body":{},"level":"info","method":"GET","params":{"0":"/..."},"service":"user-service","timestamp":"9/6/2023, 7:18:23 PM","url":"/..."}
{"body":{},"level":"info","method":"GET","params":{"0":"/home"},"service":"user-service","timestamp":"9/6/2023, 7:18:23 PM","url":"/home"}
{"body":{},"level":"info","method":"GET","params":{"0":"/..."},"service":"user-service","timestamp":"9/6/2023, 7:18:23 PM","url":"/..."}
{"body":{},"level":"info","method":"GET","params":{"0":"/home"},"service":"user-service","timestamp":"9/6/2023, 7:18:55 PM","url":"/home"}
{"body":{},"level":"info","method":"GET","params":{"0":"/..."},"service":"user-service","timestamp":"9/6/2023, 7:18:55 PM","url":"/..."}
{"body":{},"level":"info","method":"GET","params":{"0":"/home"},"service":"user-service","timestamp":"9/6/2023, 7:18:55 PM","url":"/home"}
{"body":{},"level":"info","method":"GET","params":{"0":"/..."},"service":"user-service","timestamp":"9/6/2023, 7:18:55 PM","url":"/..."}
{"body":{},"level":"info","method":"GET","params":{"0":"/home"},"service":"user-service","timestamp":"9/6/2023, 7:18:55 PM","url":"/home"}
{"body":{},"level":"info","method":"GET","params":{"0":"/..."},"service":"user-service","timestamp":"9/6/2023, 7:18:55 PM","url":"/..."}
{"body":{},"level":"info","method":"GET","params":{"0":"/home"},"service":"user-service","timestamp":"9/6/2023, 7:18:55 PM","url":"/home"}
{"body":{},"level":"info","method":"GET","params":{"0":"/..."},"service":"user-service","timestamp":"9/6/2023, 7:18:55 PM","url":"/..."}
{"body":{},"level":"info","method":"GET","params":{"0":"/home"},"service":"user-service","timestamp":"9/6/2023, 7:18:56 PM","url":"/home"}
{"body":{},"level":"info","method":"GET","params":{"0":"/..."},"service":"user-service","timestamp":"9/6/2023, 7:18:56 PM","url":"/..."}
{"body":{},"level":"info","method":"GET","params":{"0":"/home"},"service":"user-service","timestamp":"9/6/2023, 7:18:56 PM","url":"/home"}
{"body":{},"level":"info","method":"GET","params":{"0":"/..."},"service":"user-service","timestamp":"9/6/2023, 7:18:56 PM","url":"/..."}
{"body":{},"level":"info","method":"GET","params":{"0":"/home"},"service":"user-service","timestamp":"9/6/2023, 7:18:56 PM","url":"/home"}
{"body":{},"level":"info","method":"GET","params":{"0":"/..."},"service":"user-service","timestamp":"9/6/2023, 7:18:56 PM","url":"/..."}
{"body":{},"level":"info","method":"GET","params":{"0":"/home"},"service":"user-service","timestamp":"9/6/2023, 7:18:56 PM","url":"/home"}
{"body":{},"level":"info","method":"GET","params":{"0":"/..."},"service":"user-service","timestamp":"9/6/2023, 7:18:56 PM","url":"/..."}
{"body":{},"level":"info","method":"GET","params":{"0":"/home"},"service":"user-service","timestamp":"9/6/2023, 7:18:56 PM","url":"/home"}
{"body":{},"level":"info","method":"GET","params":{"0":"/..."},"service":"user-service","timestamp":"9/6/2023, 7:18:56 PM","url":"/..."}
{"body":{},"level":"info","method":"GET","params":{"0":"/home"},"service":"user-service","timestamp":"9/6/2023, 7:18:56 PM","url":"/home"}
{"body":{},"level":"info","method":"GET","params":{"0":"/..."},"service":"user-service","timestamp":"9/6/2023, 7:18:56 PM","url":"/..."}
{"body":{},"level":"info","method":"GET","params":{"0":"/home"},"service":"user-service","timestamp":"9/6/2023, 7:18:56 PM","url":"/home"}
{"body":{},"level":"info","method":"GET","params":{"0":"/..."},"service":"user-service","timestamp":"9/6/2023, 7:18:56 PM","url":"/..."}
{"body":{},"level":"info","method":"GET","params":{"0":"/home"},"service":"user-service","timestamp":"9/6/2023, 7:18:57 PM","url":"/home"}
{"body":{},"level":"info","method":"GET","params":{"0":"/..."},"service":"user-service","timestamp":"9/6/2023, 7:18:57 PM","url":"/..."}
{"body":{},"level":"info","method":"GET","params":{"0":"/home"},"service":"user-service","timestamp":"9/6/2023, 7:18:57 PM","url":"/home"}
{"body":{},"level":"info","method":"GET","params":{"0":"/..."},"service":"user-service","timestamp":"9/6/2023, 7:18:57 PM","url":"/..."}
{"body":{},"level":"info","method":"GET","params":{"0":"/home"},"service":"user-service","timestamp":"9/6/2023, 7:18:57 PM","url":"/home"}
{"body":{},"level":"info","method":"GET","params":{"0":"/..."},"service":"user-service","timestamp":"9/6/2023, 7:18:57 PM","url":"/..."}
{"body":{},"level":"info","method":"GET","params":{"0":"/home"},"service":"user-service","timestamp":"9/6/2023, 7:18:57 PM","url":"/home"}
{"body":{},"level":"info","method":"GET","params":{"0":"/..."},"service":"user-service","timestamp":"9/6/2023, 7:18:57 PM","url":"/..."}
{"body":{},"level":"info","method":"GET","params":{"0":"/home"},"service":"user-service","timestamp":"9/6/2023, 7:18:57 PM","url":"/home"}
{"body":{},"level":"info","method":"GET","params":{"0":"/..."},"service":"user-service","timestamp":"9/6/2023, 7:18:57 PM","url":"/..."}
{"body":{},"level":"info","method":"GET","params":{"0":"/home"},"service":"user-service","timestamp":"9/6/2023, 7:22:02 PM","url":"/home"}
{"body":{},"level":"info","method":"GET","params":{"0":"/..."},"service":"user-service","timestamp":"9/6/2023, 7:22:02 PM","url":"/..."}
{"body":{},"level":"info","method":"GET","params":{"0":"/home"},"service":"user-service","timestamp":"9/6/2023, 7:22:03 PM","url":"/home"}
{"body":{},"level":"info","method":"GET","params":{"0":"/..."},"service":"user-service","timestamp":"9/6/2023, 7:22:03 PM","url":"/..."}
{"body":{},"level":"info","method":"GET","params":{"0":"/home"},"service":"user-service","timestamp":"9/6/2023, 7:22:19 PM","url":"/home"}
{"body":{},"level":"info","method":"GET","params":{"0":"/..."},"service":"user-service","timestamp":"9/6/2023, 7:22:19 PM","url":"/..."}
{"body":{},"level":"info","method":"GET","params":{"0":"/home"},"service":"user-service","timestamp":"9/6/2023, 7:22:20 PM","url":"/home"}
{"body":{},"level":"info","method":"GET","params":{"0":"/..."},"service":"user-service","timestamp":"9/6/2023, 7:22:20 PM","url":"/..."}
{"body":{},"level":"info","method":"GET","params":{"0":"/home"},"service":"user-service","timestamp":"9/6/2023, 7:22:20 PM","url":"/home"}
{"body":{},"level":"info","method":"GET","params":{"0":"/..."},"service":"user-service","timestamp":"9/6/2023, 7:22:20 PM","url":"/..."}
{"body":{},"level":"info","method":"GET","params":{"0":"/home"},"service":"user-service","timestamp":"9/6/2023, 7:22:42 PM","url":"/home"}
{"body":{},"level":"info","method":"GET","params":{"0":"/..."},"service":"user-service","timestamp":"9/6/2023, 7:22:42 PM","url":"/..."}
{"body":{},"level":"info","method":"GET","params":{"0":"/home"},"service":"user-service","timestamp":"9/6/2023, 7:24:18 PM","url":"/home"}
{"body":{},"level":"info","method":"GET","params":{"0":"/..."},"service":"user-service","timestamp":"9/6/2023, 7:24:18 PM","url":"/..."}
{"body":{},"level":"info","method":"GET","params":{"0":"/home"},"service":"user-service","timestamp":"9/6/2023, 7:25:57 PM","url":"/home"}
{"body":{},"level":"info","method":"GET","params":{"0":"/..."},"service":"user-service","timestamp":"9/6/2023, 7:25:57 PM","url":"/..."}
{"body":{},"level":"info","method":"GET","params":{"0":"/home"},"service":"user-service","timestamp":"9/6/2023, 7:33:56 PM","url":"/home"}
{"body":{},"level":"info","method":"GET","params":{"0":"/..."},"service":"user-service","timestamp":"9/6/2023, 7:33:56 PM","url":"/..."}
{"body":{},"level":"info","method":"GET","params":{"0":"/bluePic.jpg"},"service":"user-service","timestamp":"9/6/2023, 7:33:56 PM","url":"/bluePic.jpg"}
{"body":{},"level":"info","method":"GET","params":{"0":"/home"},"service":"user-service","timestamp":"9/6/2023, 7:33:58 PM","url":"/home"}
{"body":{},"level":"info","method":"GET","params":{"0":"/..."},"service":"user-service","timestamp":"9/6/2023, 7:33:58 PM","url":"/..."}
{"body":{},"level":"info","method":"GET","params":{"0":"/bluePic.jpg"},"service":"user-service","timestamp":"9/6/2023, 7:33:58 PM","url":"/bluePic.jpg"}
{"body":{},"level":"info","method":"GET","params":{"0":"/home"},"service":"user-service","timestamp":"9/6/2023, 7:34:09 PM","url":"/home"}
{"body":{},"level":"info","method":"GET","params":{"0":"/..."},"service":"user-service","timestamp":"9/6/2023, 7:34:10 PM","url":"/..."}
{"body":{},"level":"info","method":"GET","params":{"0":"/bluePic.jpg"},"service":"user-service","timestamp":"9/6/2023, 7:34:10 PM","url":"/bluePic.jpg"}
{"body":{},"level":"info","method":"GET","params":{"0":"/home"},"service":"user-service","timestamp":"9/6/2023, 7:34:10 PM","url":"/home"}
{"body":{},"level":"info","method":"GET","params":{"0":"/..."},"service":"user-service","timestamp":"9/6/2023, 7:34:10 PM","url":"/..."}
{"body":{},"level":"info","method":"GET","params":{"0":"/bluePic.jpg"},"service":"user-service","timestamp":"9/6/2023, 7:34:10 PM","url":"/bluePic.jpg"}
{"body":{},"level":"info","method":"GET","params":{"0":"/home"},"service":"user-service","timestamp":"9/6/2023, 7:37:31 PM","url":"/home"}
{"body":{},"level":"info","method":"GET","params":{"0":"/..."},"service":"user-service","timestamp":"9/6/2023, 7:37:31 PM","url":"/..."}
{"body":{},"level":"info","method":"GET","params":{"0":"/home"},"service":"user-service","timestamp":"9/6/2023, 7:37:32 PM","url":"/home"}
{"body":{},"level":"info","method":"GET","params":{"0":"/..."},"service":"user-service","timestamp":"9/6/2023, 7:37:32 PM","url":"/..."}
{"body":{},"level":"info","method":"GET","params":{"0":"/home"},"service":"user-service","timestamp":"9/6/2023, 7:37:58 PM","url":"/home"}
{"body":{},"level":"info","method":"GET","params":{"0":"/..."},"service":"user-service","timestamp":"9/6/2023, 7:37:58 PM","url":"/..."}
{"body":{},"level":"info","method":"GET","params":{"0":"/home"},"service":"user-service","timestamp":"9/6/2023, 7:37:59 PM","url":"/home"}
{"body":{},"level":"info","method":"GET","params":{"0":"/..."},"service":"user-service","timestamp":"9/6/2023, 7:37:59 PM","url":"/..."}
{"body":{},"level":"info","method":"GET","params":{"0":"/..."},"service":"user-service","timestamp":"9/6/2023, 7:38:04 PM","url":"/..."}
{"body":{},"level":"info","method":"GET","params":{"0":"/home"},"service":"user-service","timestamp":"9/6/2023, 7:39:20 PM","url":"/home"}
{"body":{},"level":"info","method":"GET","params":{"0":"/..."},"service":"user-service","timestamp":"9/6/2023, 7:39:20 PM","url":"/..."}
{"body":{},"level":"info","method":"GET","params":{"0":"/home"},"service":"user-service","timestamp":"9/6/2023, 7:39:21 PM","url":"/home"}
{"body":{},"level":"info","method":"GET","params":{"0":"/..."},"service":"user-service","timestamp":"9/6/2023, 7:39:21 PM","url":"/..."}
{"body":{},"level":"info","method":"GET","params":{"0":"/home"},"service":"user-service","timestamp":"9/6/2023, 7:39:21 PM","url":"/home"}
{"body":{},"level":"info","method":"GET","params":{"0":"/..."},"service":"user-service","timestamp":"9/6/2023, 7:39:21 PM","url":"/..."}
{"body":{},"level":"info","method":"GET","params":{"0":"/home"},"service":"user-service","timestamp":"9/6/2023, 7:39:21 PM","url":"/home"}
{"body":{},"level":"info","method":"GET","params":{"0":"/..."},"service":"user-service","timestamp":"9/6/2023, 7:39:21 PM","url":"/..."}
{"body":{},"level":"info","method":"GET","params":{"0":"/home"},"service":"user-service","timestamp":"9/6/2023, 7:39:22 PM","url":"/home"}
{"body":{},"level":"info","method":"GET","params":{"0":"/..."},"service":"user-service","timestamp":"9/6/2023, 7:39:22 PM","url":"/..."}
{"body":{},"level":"info","method":"GET","params":{"0":"/home"},"service":"user-service","timestamp":"9/6/2023, 7:39:22 PM","url":"/home"}
{"body":{},"level":"info","method":"GET","params":{"0":"/..."},"service":"user-service","timestamp":"9/6/2023, 7:39:22 PM","url":"/..."}
{"body":{},"level":"info","method":"GET","params":{"0":"/home"},"service":"user-service","timestamp":"9/6/2023, 7:39:22 PM","url":"/home"}
{"body":{},"level":"info","method":"GET","params":{"0":"/..."},"service":"user-service","timestamp":"9/6/2023, 7:39:22 PM","url":"/..."}
{"body":{},"level":"info","method":"GET","params":{"0":"/home"},"service":"user-service","timestamp":"9/6/2023, 7:39:23 PM","url":"/home"}
{"body":{},"level":"info","method":"GET","params":{"0":"/..."},"service":"user-service","timestamp":"9/6/2023, 7:39:23 PM","url":"/..."}
{"body":{},"level":"info","method":"GET","params":{"0":"/home"},"service":"user-service","timestamp":"9/6/2023, 7:39:23 PM","url":"/home"}
{"body":{},"level":"info","method":"GET","params":{"0":"/..."},"service":"user-service","timestamp":"9/6/2023, 7:39:23 PM","url":"/..."}
{"body":{},"level":"info","method":"GET","params":{"0":"/home"},"service":"user-service","timestamp":"9/6/2023, 7:39:24 PM","url":"/home"}
{"body":{},"level":"info","method":"GET","params":{"0":"/..."},"service":"user-service","timestamp":"9/6/2023, 7:39:24 PM","url":"/..."}
{"body":{},"level":"info","method":"GET","params":{"0":"/home"},"service":"user-service","timestamp":"9/6/2023, 7:39:36 PM","url":"/home"}
{"body":{},"level":"info","method":"GET","params":{"0":"/..."},"service":"user-service","timestamp":"9/6/2023, 7:39:36 PM","url":"/..."}
{"body":{},"level":"info","method":"GET","params":{"0":"/home"},"service":"user-service","timestamp":"9/6/2023, 7:39:36 PM","url":"/home"}
{"body":{},"level":"info","method":"GET","params":{"0":"/..."},"service":"user-service","timestamp":"9/6/2023, 7:39:36 PM","url":"/..."}
{"body":{},"level":"info","method":"GET","params":{"0":"/home"},"service":"user-service","timestamp":"9/6/2023, 7:39:36 PM","url":"/home"}
{"body":{},"level":"info","method":"GET","params":{"0":"/..."},"service":"user-service","timestamp":"9/6/2023, 7:39:36 PM","url":"/..."}
{"body":{},"level":"info","method":"GET","params":{"0":"/home"},"service":"user-service","timestamp":"9/6/2023, 7:39:37 PM","url":"/home"}
{"body":{},"level":"info","method":"GET","params":{"0":"/..."},"service":"user-service","timestamp":"9/6/2023, 7:39:37 PM","url":"/..."}
{"body":{},"level":"info","method":"GET","params":{"0":"/home"},"service":"user-service","timestamp":"9/6/2023, 7:39:42 PM","url":"/home"}
{"body":{},"level":"info","method":"GET","params":{"0":"/..."},"service":"user-service","timestamp":"9/6/2023, 7:39:42 PM","url":"/..."}
{"body":{},"level":"info","method":"GET","params":{"0":"/home"},"service":"user-service","timestamp":"9/6/2023, 7:39:42 PM","url":"/home"}
{"body":{},"level":"info","method":"GET","params":{"0":"/..."},"service":"user-service","timestamp":"9/6/2023, 7:39:42 PM","url":"/..."}
{"body":{},"level":"info","method":"GET","params":{"0":"/home"},"service":"user-service","timestamp":"9/6/2023, 7:39:42 PM","url":"/home"}
{"body":{},"level":"info","method":"GET","params":{"0":"/..."},"service":"user-service","timestamp":"9/6/2023, 7:39:42 PM","url":"/..."}
{"body":{},"level":"info","method":"GET","params":{"0":"/home"},"service":"user-service","timestamp":"9/6/2023, 7:39:43 PM","url":"/home"}
{"body":{},"level":"info","method":"GET","params":{"0":"/..."},"service":"user-service","timestamp":"9/6/2023, 7:39:43 PM","url":"/..."}
{"body":{},"level":"info","method":"GET","params":{"0":"/home"},"service":"user-service","timestamp":"9/6/2023, 7:39:43 PM","url":"/home"}
{"body":{},"level":"info","method":"GET","params":{"0":"/..."},"service":"user-service","timestamp":"9/6/2023, 7:39:43 PM","url":"/..."}
{"body":{},"level":"info","method":"GET","params":{"0":"/home"},"service":"user-service","timestamp":"9/6/2023, 7:39:43 PM","url":"/home"}
{"body":{},"level":"info","method":"GET","params":{"0":"/..."},"service":"user-service","timestamp":"9/6/2023, 7:39:43 PM","url":"/..."}
{"body":{},"level":"info","method":"GET","params":{"0":"/home"},"service":"user-service","timestamp":"9/6/2023, 7:39:43 PM","url":"/home"}
{"body":{},"level":"info","method":"GET","params":{"0":"/..."},"service":"user-service","timestamp":"9/6/2023, 7:39:43 PM","url":"/..."}
{"body":{},"level":"info","method":"GET","params":{"0":"/home"},"service":"user-service","timestamp":"9/6/2023, 7:44:05 PM","url":"/home"}
{"body":{},"level":"info","method":"GET","params":{"0":"/..."},"service":"user-service","timestamp":"9/6/2023, 7:44:05 PM","url":"/..."}
{"body":{},"level":"info","method":"GET","params":{"0":"/home"},"service":"user-service","timestamp":"9/6/2023, 7:44:06 PM","url":"/home"}
{"body":{},"level":"info","method":"GET","params":{"0":"/..."},"service":"user-service","timestamp":"9/6/2023, 7:44:06 PM","url":"/..."}
{"body":{},"level":"info","method":"GET","params":{"0":"/home"},"service":"user-service","timestamp":"9/6/2023, 7:44:58 PM","url":"/home"}
{"body":{},"level":"info","method":"GET","params":{"0":"/..."},"service":"user-service","timestamp":"9/6/2023, 7:44:58 PM","url":"/..."}
{"body":{},"level":"info","method":"GET","params":{"0":"/home"},"service":"user-service","timestamp":"9/6/2023, 7:46:21 PM","url":"/home"}
{"body":{},"level":"info","method":"GET","params":{"0":"/..."},"service":"user-service","timestamp":"9/6/2023, 7:46:21 PM","url":"/..."}
{"body":{},"level":"info","method":"GET","params":{"0":"/home"},"service":"user-service","timestamp":"9/6/2023, 7:46:22 PM","url":"/home"}
{"body":{},"level":"info","method":"GET","params":{"0":"/..."},"service":"user-service","timestamp":"9/6/2023, 7:46:22 PM","url":"/..."}
{"body":{},"level":"info","method":"GET","params":{"0":"/home"},"service":"user-service","timestamp":"9/6/2023, 7:46:23 PM","url":"/home"}
{"body":{},"level":"info","method":"GET","params":{"0":"/..."},"service":"user-service","timestamp":"9/6/2023, 7:46:23 PM","url":"/..."}
{"body":{},"level":"info","method":"GET","params":{"0":"/home"},"service":"user-service","timestamp":"9/6/2023, 7:46:25 PM","url":"/home"}
{"body":{},"level":"info","method":"GET","params":{"0":"/..."},"service":"user-service","timestamp":"9/6/2023, 7:46:25 PM","url":"/..."}
{"body":{},"level":"info","method":"GET","params":{"0":"/home"},"service":"user-service","timestamp":"9/6/2023, 7:46:56 PM","url":"/home"}
{"body":{},"level":"info","method":"GET","params":{"0":"/..."},"service":"user-service","timestamp":"9/6/2023, 7:46:56 PM","url":"/..."}
{"body":{},"level":"info","method":"GET","params":{"0":"/home"},"service":"user-service","timestamp":"9/6/2023, 7:46:56 PM","url":"/home"}
{"body":{},"level":"info","method":"GET","params":{"0":"/..."},"service":"user-service","timestamp":"9/6/2023, 7:46:56 PM","url":"/..."}
{"body":{},"level":"info","method":"GET","params":{"0":"/home"},"service":"user-service","timestamp":"9/6/2023, 7:47:55 PM","url":"/home"}
{"body":{},"level":"info","method":"GET","params":{"0":"/..."},"service":"user-service","timestamp":"9/6/2023, 7:47:55 PM","url":"/..."}
{"body":{},"level":"info","method":"GET","params":{"0":"/home"},"service":"user-service","timestamp":"9/6/2023, 7:48:04 PM","url":"/home"}
{"body":{},"level":"info","method":"GET","params":{"0":"/..."},"service":"user-service","timestamp":"9/6/2023, 7:48:04 PM","url":"/..."}
{"body":{},"level":"info","method":"GET","params":{"0":"/home"},"service":"user-service","timestamp":"9/6/2023, 7:48:13 PM","url":"/home"}
{"body":{},"level":"info","method":"GET","params":{"0":"/..."},"service":"user-service","timestamp":"9/6/2023, 7:48:13 PM","url":"/..."}
{"body":{},"level":"info","method":"GET","params":{"0":"/home"},"service":"user-service","timestamp":"9/6/2023, 7:48:14 PM","url":"/home"}
{"body":{},"level":"info","method":"GET","params":{"0":"/..."},"service":"user-service","timestamp":"9/6/2023, 7:48:14 PM","url":"/..."}
{"body":{},"level":"info","method":"GET","params":{"0":"/home"},"service":"user-service","timestamp":"9/6/2023, 7:48:20 PM","url":"/home"}
{"body":{},"level":"info","method":"GET","params":{"0":"/..."},"service":"user-service","timestamp":"9/6/2023, 7:48:20 PM","url":"/..."}
{"body":{},"level":"info","method":"GET","params":{"0":"/home"},"service":"user-service","timestamp":"9/6/2023, 7:48:29 PM","url":"/home"}
{"body":{},"level":"info","method":"GET","params":{"0":"/..."},"service":"user-service","timestamp":"9/6/2023, 7:48:29 PM","url":"/..."}
{"body":{},"level":"info","method":"GET","params":{"0":"/home"},"service":"user-service","timestamp":"9/6/2023, 7:48:35 PM","url":"/home"}
{"body":{},"level":"info","method":"GET","params":{"0":"/..."},"service":"user-service","timestamp":"9/6/2023, 7:48:35 PM","url":"/..."}
{"body":{},"level":"info","method":"GET","params":{"0":"/home"},"service":"user-service","timestamp":"9/6/2023, 7:48:57 PM","url":"/home"}
{"body":{},"level":"info","method":"GET","params":{"0":"/..."},"service":"user-service","timestamp":"9/6/2023, 7:48:57 PM","url":"/..."}
{"body":{},"level":"info","method":"GET","params":{"0":"/home"},"service":"user-service","timestamp":"9/6/2023, 7:49:14 PM","url":"/home"}
{"body":{},"level":"info","method":"GET","params":{"0":"/..."},"service":"user-service","timestamp":"9/6/2023, 7:49:14 PM","url":"/..."}
{"body":{},"level":"info","method":"GET","params":{"0":"/home"},"service":"user-service","timestamp":"9/6/2023, 7:49:31 PM","url":"/home"}
{"body":{},"level":"info","method":"GET","params":{"0":"/..."},"service":"user-service","timestamp":"9/6/2023, 7:49:31 PM","url":"/..."}
{"body":{},"level":"info","method":"GET","params":{"0":"/home"},"service":"user-service","timestamp":"9/6/2023, 7:49:31 PM","url":"/home"}
{"body":{},"level":"info","method":"GET","params":{"0":"/..."},"service":"user-service","timestamp":"9/6/2023, 7:49:31 PM","url":"/..."}
{"body":{},"level":"info","method":"GET","params":{"0":"/home"},"service":"user-service","timestamp":"9/6/2023, 7:49:32 PM","url":"/home"}
{"body":{},"level":"info","method":"GET","params":{"0":"/..."},"service":"user-service","timestamp":"9/6/2023, 7:49:32 PM","url":"/..."}
{"body":{},"level":"info","method":"GET","params":{"0":"/home"},"service":"user-service","timestamp":"9/6/2023, 7:49:42 PM","url":"/home"}
{"body":{},"level":"info","method":"GET","params":{"0":"/..."},"service":"user-service","timestamp":"9/6/2023, 7:49:42 PM","url":"/..."}
{"body":{},"level":"info","method":"GET","params":{"0":"/home"},"service":"user-service","timestamp":"9/6/2023, 7:49:42 PM","url":"/home"}
{"body":{},"level":"info","method":"GET","params":{"0":"/..."},"service":"user-service","timestamp":"9/6/2023, 7:49:42 PM","url":"/..."}
{"body":{},"level":"info","method":"GET","params":{"0":"/home"},"service":"user-service","timestamp":"9/6/2023, 7:51:48 PM","url":"/home"}
{"body":{},"level":"info","method":"GET","params":{"0":"/..."},"service":"user-service","timestamp":"9/6/2023, 7:51:48 PM","url":"/..."}
{"body":{},"level":"info","method":"GET","params":{"0":"/home"},"service":"user-service","timestamp":"9/6/2023, 7:52:07 PM","url":"/home"}
{"body":{},"level":"info","method":"GET","params":{"0":"/..."},"service":"user-service","timestamp":"9/6/2023, 7:52:07 PM","url":"/..."}
{"body":{},"level":"info","method":"GET","params":{"0":"/home"},"service":"user-service","timestamp":"9/6/2023, 7:52:18 PM","url":"/home"}
{"body":{},"level":"info","method":"GET","params":{"0":"/..."},"service":"user-service","timestamp":"9/6/2023, 7:52:18 PM","url":"/..."}
{"body":{},"level":"info","method":"GET","params":{"0":"/home"},"service":"user-service","timestamp":"9/6/2023, 7:52:25 PM","url":"/home"}
{"body":{},"level":"info","method":"GET","params":{"0":"/..."},"service":"user-service","timestamp":"9/6/2023, 7:52:25 PM","url":"/..."}
{"body":{},"level":"info","method":"GET","params":{"0":"/home"},"service":"user-service","timestamp":"9/6/2023, 7:54:06 PM","url":"/home"}
{"body":{},"level":"info","method":"GET","params":{"0":"/..."},"service":"user-service","timestamp":"9/6/2023, 7:54:06 PM","url":"/..."}
{"body":{},"level":"info","method":"GET","params":{"0":"/home"},"service":"user-service","timestamp":"9/6/2023, 7:54:07 PM","url":"/home"}
{"body":{},"level":"info","method":"GET","params":{"0":"/..."},"service":"user-service","timestamp":"9/6/2023, 7:54:07 PM","url":"/..."}
{"body":{},"level":"info","method":"GET","params":{"0":"/home"},"service":"user-service","timestamp":"9/6/2023, 7:54:07 PM","url":"/home"}
{"body":{},"level":"info","method":"GET","params":{"0":"/..."},"service":"user-service","timestamp":"9/6/2023, 7:54:07 PM","url":"/..."}
{"body":{},"level":"info","method":"GET","params":{"0":"/home"},"service":"user-service","timestamp":"9/6/2023, 7:54:23 PM","url":"/home"}
{"body":{},"level":"info","method":"GET","params":{"0":"/..."},"service":"user-service","timestamp":"9/6/2023, 7:54:23 PM","url":"/..."}
{"body":{},"level":"info","method":"GET","params":{"0":"/home"},"service":"user-service","timestamp":"9/6/2023, 7:59:11 PM","url":"/home"}
{"body":{},"level":"info","method":"GET","params":{"0":"/..."},"service":"user-service","timestamp":"9/6/2023, 7:59:11 PM","url":"/..."}
{"body":{},"level":"info","method":"GET","params":{"0":"/home"},"service":"user-service","timestamp":"9/6/2023, 8:01:10 PM","url":"/home"}
{"body":{},"level":"info","method":"GET","params":{"0":"/home"},"service":"user-service","timestamp":"9/6/2023, 8:02:47 PM","url":"/home"}
{"body":{},"level":"info","method":"GET","params":{"0":"/..."},"service":"user-service","timestamp":"9/6/2023, 8:02:47 PM","url":"/..."}
{"body":{},"level":"info","method":"GET","params":{"0":"/home"},"service":"user-service","timestamp":"9/6/2023, 8:04:38 PM","url":"/home"}
{"body":{},"level":"info","method":"GET","params":{"0":"/..."},"service":"user-service","timestamp":"9/6/2023, 8:04:38 PM","url":"/..."}
{"body":{},"level":"info","method":"GET","params":{"0":"/home"},"service":"user-service","timestamp":"9/6/2023, 8:04:38 PM","url":"/home"}
{"body":{},"level":"info","method":"GET","params":{"0":"/..."},"service":"user-service","timestamp":"9/6/2023, 8:04:38 PM","url":"/..."}
{"body":{},"level":"info","method":"GET","params":{"0":"/home"},"service":"user-service","timestamp":"9/6/2023, 8:05:49 PM","url":"/home"}
{"body":{},"level":"info","method":"GET","params":{"0":"/home"},"service":"user-service","timestamp":"9/6/2023, 8:08:03 PM","url":"/home"}
{"body":{},"level":"info","method":"GET","params":{"0":"/home"},"service":"user-service","timestamp":"9/6/2023, 8:08:37 PM","url":"/home"}
{"body":{},"level":"info","method":"GET","params":{"0":"/home"},"service":"user-service","timestamp":"9/6/2023, 8:08:38 PM","url":"/home"}
{"body":{},"level":"info","method":"GET","params":{"0":"/home"},"service":"user-service","timestamp":"9/6/2023, 8:08:47 PM","url":"/home"}
{"body":{},"level":"info","method":"GET","params":{"0":"/home"},"service":"user-service","timestamp":"9/6/2023, 8:08:47 PM","url":"/home"}
{"body":{},"level":"info","method":"GET","params":{"0":"/home"},"service":"user-service","timestamp":"9/6/2023, 8:08:47 PM","url":"/home"}
{"body":{},"level":"info","method":"GET","params":{"0":"/home"},"service":"user-service","timestamp":"9/6/2023, 8:14:48 PM","url":"/home"}
{"body":{},"level":"info","method":"GET","params":{"0":"/home"},"service":"user-service","timestamp":"9/6/2023, 8:16:11 PM","url":"/home"}
{"body":{},"level":"info","method":"GET","params":{"0":"/home"},"service":"user-service","timestamp":"9/6/2023, 8:16:46 PM","url":"/home"}
{"body":{},"level":"info","method":"GET","params":{"0":"/home"},"service":"user-service","timestamp":"9/7/2023, 9:25:30 AM","url":"/home"}
{"body":{},"level":"info","method":"GET","params":{"0":"/home"},"service":"user-service","timestamp":"9/7/2023, 9:26:34 AM","url":"/home"}
{"body":{},"level":"info","method":"GET","params":{"0":"/"},"service":"user-service","timestamp":"9/7/2023, 9:22:59 AM","url":"/"}
{"body":{},"level":"info","method":"GET","params":{"0":"/registration"},"service":"user-service","timestamp":"9/7/2023, 9:23:06 AM","url":"/registration"}
{"body":{},"level":"info","method":"GET","params":{"0":"/home"},"service":"user-service","timestamp":"9/7/2023, 9:23:13 AM","url":"/home"}
{"body":{},"level":"info","method":"GET","params":{"0":"/login"},"service":"user-service","timestamp":"9/7/2023, 9:43:03 AM","url":"/login"}
{"body":{},"level":"info","method":"GET","params":{"0":"/registration"},"service":"user-service","timestamp":"9/7/2023, 9:43:10 AM","url":"/registration"}
{"body":{},"level":"info","method":"GET","params":{"0":"/home"},"service":"user-service","timestamp":"9/7/2023, 9:43:14 AM","url":"/home"}
{"body":{},"level":"info","method":"GET","params":{"0":"/home"},"service":"user-service","timestamp":"9/7/2023, 9:44:53 AM","url":"/home"}
{"body":{},"level":"info","method":"GET","params":{"0":"/home"},"service":"user-service","timestamp":"9/7/2023, 9:44:54 AM","url":"/home"}
{"body":{},"level":"info","method":"GET","params":{"0":"/home"},"service":"user-service","timestamp":"9/7/2023, 9:45:06 AM","url":"/home"}
{"body":{},"level":"info","method":"GET","params":{"0":"/registration"},"service":"user-service","timestamp":"9/7/2023, 9:45:08 AM","url":"/registration"}
{"body":{},"level":"info","method":"GET","params":{"0":"/"},"service":"user-service","timestamp":"9/7/2023, 10:35:49 AM","url":"/"}
{"body":{},"level":"info","method":"GET","params":{"0":"/"},"service":"user-service","timestamp":"9/7/2023, 10:35:50 AM","url":"/"}
{"body":{},"level":"info","method":"GET","params":{"0":"/registration"},"service":"user-service","timestamp":"9/7/2023, 10:35:57 AM","url":"/registration"}
{"body":{},"level":"info","method":"GET","params":{"0":"/favicon.ico"},"service":"user-service","timestamp":"9/7/2023, 10:35:57 AM","url":"/favicon.ico"}
{"body":{},"level":"info","method":"GET","params":{"0":"/registration"},"service":"user-service","timestamp":"9/7/2023, 10:51:47 AM","url":"/registration"}
{"body":{"email":"joi@gmail.com","firstName":"jojo","lastName":"123123","password":"Nguyen123!","repassword":"Nguyen123!"},"level":"info","method":"POST","params":{"0":"/registration"},"service":"user-service","timestamp":"9/7/2023, 10:52:05 AM","url":"/registration"}
{"body":{"email":"joi@gmail.com","firstName":"jojo","lastName":"123123","password":"http://localhost:3000/reg","repassword":"http://localhost:3000/reg"},"level":"info","method":"POST","params":{"0":"/registration"},"service":"user-service","timestamp":"9/7/2023, 10:57:30 AM","url":"/registration"}
{"body":{},"level":"info","method":"GET","params":{"0":"/books"},"service":"user-service","timestamp":"9/7/2023, 1:23:35 PM","url":"/books"}
{"body":{},"level":"info","method":"GET","params":{"0":"/img_avatar.png"},"service":"user-service","timestamp":"9/7/2023, 1:23:35 PM","url":"/img_avatar.png"}
{"body":{},"level":"info","method":"GET","params":{"0":"/books"},"service":"user-service","timestamp":"9/7/2023, 1:27:04 PM","url":"/books"}
{"body":{},"level":"info","method":"GET","params":{"0":"/public/books.css"},"service":"user-service","timestamp":"9/7/2023, 1:27:04 PM","url":"/public/books.css"}
{"body":{},"level":"info","method":"GET","params":{"0":"/img_avatar.png"},"service":"user-service","timestamp":"9/7/2023, 1:27:04 PM","url":"/img_avatar.png"}
{"body":{},"level":"info","method":"GET","params":{"0":"/books"},"service":"user-service","timestamp":"9/7/2023, 1:27:06 PM","url":"/books"}
{"body":{},"level":"info","method":"GET","params":{"0":"/public/books.css"},"service":"user-service","timestamp":"9/7/2023, 1:27:06 PM","url":"/public/books.css"}
{"body":{},"level":"info","method":"GET","params":{"0":"/img_avatar.png"},"service":"user-service","timestamp":"9/7/2023, 1:27:06 PM","url":"/img_avatar.png"}
{"body":{},"level":"info","method":"GET","params":{"0":"/books"},"service":"user-service","timestamp":"9/7/2023, 1:27:32 PM","url":"/books"}
{"body":{},"level":"info","method":"GET","params":{"0":"/img_avatar.png"},"service":"user-service","timestamp":"9/7/2023, 1:27:32 PM","url":"/img_avatar.png"}
{"body":{},"level":"info","method":"GET","params":{"0":"/books"},"service":"user-service","timestamp":"9/7/2023, 1:28:09 PM","url":"/books"}
{"body":{},"level":"info","method":"GET","params":{"0":"/img_avatar.png"},"service":"user-service","timestamp":"9/7/2023, 1:28:09 PM","url":"/img_avatar.png"}
{"body":{},"level":"info","method":"GET","params":{"0":"/"},"service":"user-service","timestamp":"9/7/2023, 1:28:54 PM","url":"/"}
{"body":{},"level":"info","method":"GET","params":{"0":"/books"},"service":"user-service","timestamp":"9/7/2023, 1:31:53 PM","url":"/books"}
{"body":{},"level":"info","method":"GET","params":{"0":"/img_avatar.png"},"service":"user-service","timestamp":"9/7/2023, 1:31:53 PM","url":"/img_avatar.png"}
{"body":{},"level":"info","method":"GET","params":{"0":"/books"},"service":"user-service","timestamp":"9/7/2023, 1:31:55 PM","url":"/books"}
{"body":{},"level":"info","method":"GET","params":{"0":"/img_avatar.png"},"service":"user-service","timestamp":"9/7/2023, 1:31:55 PM","url":"/img_avatar.png"}
{"body":{},"level":"info","method":"GET","params":{"0":"/books"},"service":"user-service","timestamp":"9/7/2023, 1:41:33 PM","url":"/books"}
{"body":{},"level":"info","method":"GET","params":{"0":"/img_avatar.png"},"service":"user-service","timestamp":"9/7/2023, 1:41:33 PM","url":"/img_avatar.png"}
{"body":{},"level":"info","method":"GET","params":{"0":"/books"},"service":"user-service","timestamp":"9/7/2023, 1:42:45 PM","url":"/books"}
{"body":{},"level":"info","method":"GET","params":{"0":"/img_avatar.png"},"service":"user-service","timestamp":"9/7/2023, 1:42:45 PM","url":"/img_avatar.png"}
{"body":{},"level":"info","method":"GET","params":{"0":"/public/books_pics/Books_library.jpeg"},"service":"user-service","timestamp":"9/7/2023, 1:42:45 PM","url":"/public/books_pics/Books_library.jpeg"}
{"body":{},"level":"info","method":"GET","params":{"0":"/books"},"service":"user-service","timestamp":"9/7/2023, 1:42:47 PM","url":"/books"}
{"body":{},"level":"info","method":"GET","params":{"0":"/img_avatar.png"},"service":"user-service","timestamp":"9/7/2023, 1:42:47 PM","url":"/img_avatar.png"}
{"body":{},"level":"info","method":"GET","params":{"0":"/books"},"service":"user-service","timestamp":"9/7/2023, 1:42:47 PM","url":"/books"}
{"body":{},"level":"info","method":"GET","params":{"0":"/img_avatar.png"},"service":"user-service","timestamp":"9/7/2023, 1:42:47 PM","url":"/img_avatar.png"}
{"body":{},"level":"info","method":"GET","params":{"0":"/books"},"service":"user-service","timestamp":"9/7/2023, 1:42:47 PM","url":"/books"}
{"body":{},"level":"info","method":"GET","params":{"0":"/img_avatar.png"},"service":"user-service","timestamp":"9/7/2023, 1:42:47 PM","url":"/img_avatar.png"}
{"body":{},"level":"info","method":"GET","params":{"0":"/books"},"service":"user-service","timestamp":"9/7/2023, 1:42:47 PM","url":"/books"}
{"body":{},"level":"info","method":"GET","params":{"0":"/img_avatar.png"},"service":"user-service","timestamp":"9/7/2023, 1:42:47 PM","url":"/img_avatar.png"}
{"body":{},"level":"info","method":"GET","params":{"0":"/books"},"service":"user-service","timestamp":"9/7/2023, 1:42:48 PM","url":"/books"}
{"body":{},"level":"info","method":"GET","params":{"0":"/img_avatar.png"},"service":"user-service","timestamp":"9/7/2023, 1:42:48 PM","url":"/img_avatar.png"}
{"body":{},"level":"info","method":"GET","params":{"0":"/books"},"service":"user-service","timestamp":"9/7/2023, 1:42:48 PM","url":"/books"}
{"body":{},"level":"info","method":"GET","params":{"0":"/img_avatar.png"},"service":"user-service","timestamp":"9/7/2023, 1:42:48 PM","url":"/img_avatar.png"}
{"body":{},"level":"info","method":"GET","params":{"0":"/books"},"service":"user-service","timestamp":"9/7/2023, 1:42:48 PM","url":"/books"}
{"body":{},"level":"info","method":"GET","params":{"0":"/img_avatar.png"},"service":"user-service","timestamp":"9/7/2023, 1:42:48 PM","url":"/img_avatar.png"}
{"body":{},"level":"info","method":"GET","params":{"0":"/books"},"service":"user-service","timestamp":"9/7/2023, 1:42:48 PM","url":"/books"}
{"body":{},"level":"info","method":"GET","params":{"0":"/img_avatar.png"},"service":"user-service","timestamp":"9/7/2023, 1:42:48 PM","url":"/img_avatar.png"}
{"body":{},"level":"info","method":"GET","params":{"0":"/books"},"service":"user-service","timestamp":"9/7/2023, 1:45:17 PM","url":"/books"}
{"body":{},"level":"info","method":"GET","params":{"0":"/img_avatar.png"},"service":"user-service","timestamp":"9/7/2023, 1:45:17 PM","url":"/img_avatar.png"}
{"body":{},"level":"info","method":"GET","params":{"0":"/books"},"service":"user-service","timestamp":"9/7/2023, 1:56:39 PM","url":"/books"}
{"body":{},"level":"info","method":"GET","params":{"0":"/books"},"service":"user-service","timestamp":"9/7/2023, 2:04:29 PM","url":"/books"}
{"body":{},"level":"info","method":"GET","params":{"0":"/books"},"service":"user-service","timestamp":"9/7/2023, 2:04:41 PM","url":"/books"}
{"body":{},"level":"info","method":"GET","params":{"0":"/books"},"service":"user-service","timestamp":"9/7/2023, 2:05:12 PM","url":"/books"}
{"body":{},"level":"info","method":"GET","params":{"0":"/books"},"service":"user-service","timestamp":"9/7/2023, 2:05:57 PM","url":"/books"}
{"body":{},"level":"info","method":"GET","params":{"0":"/books"},"service":"user-service","timestamp":"9/7/2023, 2:06:06 PM","url":"/books"}
{"body":{},"level":"info","method":"GET","params":{"0":"/"},"service":"user-service","timestamp":"9/7/2023, 2:07:31 PM","url":"/"}
{"body":{},"level":"info","method":"GET","params":{"0":"/registration"},"service":"user-service","timestamp":"9/7/2023, 2:07:33 PM","url":"/registration"}
{"body":{},"level":"info","method":"GET","params":{"0":"/books"},"service":"user-service","timestamp":"9/7/2023, 2:07:37 PM","url":"/books"}
{"body":{},"level":"info","method":"GET","params":{"0":"/img_avatar.png"},"service":"user-service","timestamp":"9/7/2023, 2:07:37 PM","url":"/img_avatar.png"}
{"body":{},"level":"info","method":"GET","params":{"0":"/books"},"service":"user-service","timestamp":"9/7/2023, 2:41:37 PM","url":"/books"}
{"body":{},"level":"info","method":"GET","params":{"0":"/"},"service":"user-service","timestamp":"9/7/2023, 2:56:45 PM","url":"/"}
{"body":{},"level":"info","method":"GET","params":{"0":"/books"},"service":"user-service","timestamp":"9/7/2023, 2:56:49 PM","url":"/books"}
{"body":{},"level":"info","method":"GET","params":{"0":"/books"},"service":"user-service","timestamp":"9/7/2023, 2:57:28 PM","url":"/books"}
{"body":{},"level":"info","method":"GET","params":{"0":"/books"},"service":"user-service","timestamp":"9/7/2023, 2:57:30 PM","url":"/books"}
{"body":{},"level":"info","method":"GET","params":{"0":"/books"},"service":"user-service","timestamp":"9/7/2023, 2:57:31 PM","url":"/books"}
{"body":{},"level":"info","method":"GET","params":{"0":"/books"},"service":"user-service","timestamp":"9/7/2023, 2:57:39 PM","url":"/books"}
{"body":{},"level":"info","method":"GET","params":{"0":"/books"},"service":"user-service","timestamp":"9/7/2023, 3:00:47 PM","url":"/books"}
{"body":{},"level":"info","method":"GET","params":{"0":"/alt=\"Avatar\""},"service":"user-service","timestamp":"9/7/2023, 3:00:47 PM","url":"/alt=%22Avatar%22"}
{"body":{},"level":"info","method":"GET","params":{"0":"/books"},"service":"user-service","timestamp":"9/7/2023, 3:01:09 PM","url":"/books"}
{"body":{},"level":"info","method":"GET","params":{"0":"/registration"},"service":"user-service","timestamp":"9/7/2023, 3:08:19 PM","url":"/registration"}
{"body":{"email":"tonybu@tony.com","firstName":"tony","lastName":"vu","password":"Nguyen123","repassword":"Nguyen123"},"level":"info","method":"POST","params":{"0":"/registration"},"service":"user-service","timestamp":"9/7/2023, 3:08:37 PM","url":"/registration"}
{"body":{},"level":"info","method":"GET","params":{"0":"/registration"},"service":"user-service","timestamp":"9/7/2023, 3:10:41 PM","url":"/registration"}
{"body":{"email":"jojvu@gmail.com","firstName":"jojo","lastName":"vu","password":"Nguyen123","repassword":"Nguyen123"},"level":"info","method":"POST","params":{"0":"/registration"},"service":"user-service","timestamp":"9/7/2023, 3:10:54 PM","url":"/registration"}
{"body":{},"level":"info","method":"GET","params":{"0":"/books"},"service":"user-service","timestamp":"9/7/2023, 3:13:10 PM","url":"/books"}
{"body":{},"level":"info","method":"GET","params":{"0":"/books"},"service":"user-service","timestamp":"9/7/2023, 3:16:34 PM","url":"/books"}
{"body":{},"level":"info","method":"GET","params":{"0":"/books"},"service":"user-service","timestamp":"9/7/2023, 3:17:47 PM","url":"/books"}
{"body":{},"level":"info","method":"GET","params":{"0":"/books"},"service":"user-service","timestamp":"9/7/2023, 3:18:10 PM","url":"/books"}
{"body":{},"level":"info","method":"GET","params":{"0":"/books"},"service":"user-service","timestamp":"9/7/2023, 3:21:33 PM","url":"/books"}
{"body":{},"level":"info","method":"GET","params":{"0":"/books"},"service":"user-service","timestamp":"9/7/2023, 3:21:42 PM","url":"/books"}
{"body":{},"level":"info","method":"GET","params":{"0":"/books"},"service":"user-service","timestamp":"9/7/2023, 3:22:25 PM","url":"/books"}
{"body":{},"level":"info","method":"GET","params":{"0":"/books"},"service":"user-service","timestamp":"9/7/2023, 3:23:10 PM","url":"/books"}
{"body":{},"level":"info","method":"GET","params":{"0":"/books"},"service":"user-service","timestamp":"9/7/2023, 3:23:43 PM","url":"/books"}
